[INFO ] 2019-10-22 17:11:06.871 [main] BaseTest - URL is openend
[INFO ] 2019-10-22 17:11:06.918 [main] BaseTest - Login/Register menu is clicked - to open Login page
[INFO ] 2019-10-22 17:16:14.153 [main] BaseTest - URL is openend
[INFO ] 2019-10-22 17:16:14.203 [main] BaseTest - Login/Register menu is clicked - to open Login page
[INFO ] 2019-10-22 17:17:56.545 [main] BaseTest - URL is openend
[INFO ] 2019-10-22 17:17:56.613 [main] BaseTest - Login/Register menu is clicked - to open Login page
[INFO ] 2019-10-22 17:18:01.022 [main] BaseTest - Username is set
[INFO ] 2019-10-22 17:18:01.361 [main] BaseTest - Password is set
[INFO ] 2019-10-22 17:19:51.074 [main] BaseTest - URL is openend
[INFO ] 2019-10-22 17:19:51.143 [main] BaseTest - Login/Register menu is clicked - to open Login page
[INFO ] 2019-10-22 17:19:55.086 [main] BaseTest - Username is set
[INFO ] 2019-10-22 17:19:55.488 [main] BaseTest - Password is set
[INFO ] 2019-10-22 17:20:05.323 [main] BaseTest - URL is openend
[INFO ] 2019-10-22 17:20:05.324 [main] BaseTest - Login/Register menu is clicked - to open Login page
[INFO ] 2019-10-22 17:20:06.769 [main] BaseTest - Username is set
[INFO ] 2019-10-22 17:20:07.133 [main] BaseTest - Password is set
[INFO ] 2019-10-22 21:40:59.474 [main] BaseTest - URL is openend
[INFO ] 2019-10-22 21:40:59.570 [main] BaseTest - Login/Register menu is clicked - to open Login page
[INFO ] 2019-10-22 21:41:05.455 [main] BaseTest - Username is set
[INFO ] 2019-10-22 21:41:05.945 [main] BaseTest - Password is set
[INFO ] 2019-10-22 21:41:25.179 [main] BaseTest - URL is openend
[INFO ] 2019-10-22 21:41:25.179 [main] BaseTest - Login/Register menu is clicked - to open Login page
[INFO ] 2019-10-22 22:02:39.296 [main] BaseTest - URL is openend
[INFO ] 2019-10-22 22:02:39.449 [main] BaseTest - Login/Register menu is clicked - to open Login page
[INFO ] 2019-10-22 22:02:52.709 [main] BaseTest - Username is set
[INFO ] 2019-10-22 22:02:54.319 [main] BaseTest - Password is set
[INFO ] 2019-10-22 22:07:23.367 [main] BaseTest - URL is openend
[INFO ] 2019-10-22 22:07:23.546 [main] BaseTest - Login/Register menu is clicked - to open Login page
[INFO ] 2019-10-22 22:07:33.064 [main] BaseTest - Username is set
[INFO ] 2019-10-22 22:07:34.541 [main] BaseTest - Password is set
[INFO ] 2019-10-22 22:09:26.429 [main] BaseTest - URL is openend
[INFO ] 2019-10-22 22:09:26.548 [main] BaseTest - Login/Register menu is clicked - to open Login page
[INFO ] 2019-10-22 22:25:50.141 [main] BaseTest - URL is openend
[INFO ] 2019-10-22 22:25:50.387 [main] BaseTest - Login/Register menu is clicked - to open Login page
[INFO ] 2019-10-22 22:26:04.435 [main] BaseTest - Username is set
[INFO ] 2019-10-22 22:26:04.964 [main] BaseTest - Password is set
[INFO ] 2019-10-23 10:45:03.108 [main] BaseTest - URL is openend
[INFO ] 2019-10-23 10:45:03.184 [main] BaseTest - Login/Register menu is clicked - to open Login page
[INFO ] 2019-10-23 10:45:06.986 [main] BaseTest - Username is set
[INFO ] 2019-10-23 10:45:07.295 [main] BaseTest - Password is set
[INFO ] 2019-10-23 10:45:18.753 [main] BaseTest - URL is openend
[INFO ] 2019-10-23 10:45:18.754 [main] BaseTest - Login/Register menu is clicked - to open Login page
[INFO ] 2019-10-23 10:45:25.326 [main] BaseTest - Username is set
[INFO ] 2019-10-23 10:45:25.439 [main] BaseTest - Password is set
[INFO ] 2019-10-23 11:20:46.547 [main] BaseTest - URL is openend
[INFO ] 2019-10-23 11:20:46.708 [main] BaseTest - Login/Register menu is clicked - to open Login page
[INFO ] 2019-10-23 11:20:51.522 [main] BaseTest - Username is set
[INFO ] 2019-10-23 11:20:51.939 [main] BaseTest - Password is set
[INFO ] 2019-10-23 11:50:00.074 [main] BaseTest - URL is openend
[INFO ] 2019-10-23 11:50:00.190 [main] BaseTest - Login/Register menu is clicked - to open Login page
[INFO ] 2019-10-23 11:50:05.553 [main] BaseTest - Username is set
[INFO ] 2019-10-23 11:50:05.908 [main] BaseTest - Password is set
[INFO ] 2019-10-23 12:02:39.189 [main] BaseTest - URL is openend
[INFO ] 2019-10-23 12:02:39.241 [main] BaseTest - Login/Register menu is clicked - to open Login page
[INFO ] 2019-10-23 12:04:22.841 [main] BaseTest - URL is openend
[INFO ] 2019-10-23 12:04:22.916 [main] BaseTest - Login/Register menu is clicked - to open Login page
[INFO ] 2019-10-23 12:04:25.018 [main] BaseTest - Username is set
[INFO ] 2019-10-23 12:04:26.083 [main] BaseTest - Password is set
[INFO ] 2019-10-23 12:06:33.992 [main] BaseTest - URL is openend
[INFO ] 2019-10-23 12:06:34.090 [main] BaseTest - Login/Register menu is clicked - to open Login page
[INFO ] 2019-10-23 12:06:39.028 [main] BaseTest - Username is set
[INFO ] 2019-10-23 12:06:39.269 [main] BaseTest - Password is set
[INFO ] 2019-10-23 12:08:16.355 [main] BaseTest - URL is openend
[INFO ] 2019-10-23 12:08:16.396 [main] BaseTest - Login/Register menu is clicked - to open Login page
[INFO ] 2019-10-23 12:15:56.358 [main] BaseTest - URL is openend
[INFO ] 2019-10-23 12:15:56.443 [main] BaseTest - Login/Register menu is clicked - to open Login page
[INFO ] 2019-10-23 12:16:00.633 [main] BaseTest - Username is set
[INFO ] 2019-10-23 12:16:01.007 [main] BaseTest - Password is set
[INFO ] 2019-10-23 14:31:35.188 [main] BaseTest - URL is openend
[INFO ] 2019-10-23 14:31:35.279 [main] BaseTest - Login/Register menu is clicked - to open Login page
[INFO ] 2019-10-23 14:34:35.354 [main] BaseTest - URL is opened
[INFO ] 2019-10-23 14:34:35.453 [main] BaseTest - Login/Register menu is clicked - to open Login page
[INFO ] 2019-10-23 14:34:39.692 [main] BaseTest - Username is set
[INFO ] 2019-10-23 14:34:40.223 [main] BaseTest - Password is set
[INFO ] 2019-10-23 14:37:58.609 [main] BaseTest - URL is opened
[INFO ] 2019-10-23 14:37:58.669 [main] BaseTest - Login/Register menu is clicked - to open Login page
[INFO ] 2019-10-23 14:38:02.724 [main] BaseTest - Username is set
[INFO ] 2019-10-23 14:38:03.119 [main] BaseTest - Password is set
[INFO ] 2019-10-23 14:39:30.047 [main] BaseTest - URL is opened
[INFO ] 2019-10-23 14:39:30.151 [main] BaseTest - Login/Register menu is clicked - to open Login page
[INFO ] 2019-10-23 14:39:40.537 [main] BaseTest - Username is set
[INFO ] 2019-10-23 14:39:40.805 [main] BaseTest - Password is set
[INFO ] 2019-10-23 14:50:07.788 [main] BaseTest - URL is opened
[INFO ] 2019-10-23 14:50:07.855 [main] BaseTest - Login/Register menu is clicked - to open Login page
[INFO ] 2019-10-23 14:53:07.314 [main] BaseTest - URL is opened
[INFO ] 2019-10-23 14:53:07.377 [main] BaseTest - Login/Register menu is clicked - to open Login page
[INFO ] 2019-10-23 14:54:19.302 [main] BaseTest - URL is opened
[INFO ] 2019-10-23 14:54:19.339 [main] BaseTest - Login/Register menu is clicked - to open Login page
[INFO ] 2019-10-23 15:00:17.771 [main] BaseTest - URL is opened
[INFO ] 2019-10-23 15:00:17.819 [main] BaseTest - Login/Register menu is clicked - to open Login page
[INFO ] 2019-10-23 15:02:05.534 [main] BaseTest - URL is opened
[INFO ] 2019-10-23 15:02:05.598 [main] BaseTest - Login/Register menu is clicked - to open Login page
[INFO ] 2019-10-23 15:04:08.904 [main] BaseTest - URL is opened
[INFO ] 2019-10-23 15:04:08.968 [main] BaseTest - Login/Register menu is clicked - to open Login page
[INFO ] 2019-10-23 15:04:13.068 [main] BaseTest - Username is set
[INFO ] 2019-10-23 15:04:13.430 [main] BaseTest - Password is set
[INFO ] 2019-10-23 15:06:30.814 [main] BaseTest - URL is opened
[INFO ] 2019-10-23 15:06:30.889 [main] BaseTest - Login/Register menu is clicked - to open Login page
[INFO ] 2019-10-23 15:06:34.873 [main] BaseTest - Username is set
[INFO ] 2019-10-23 15:06:35.148 [main] BaseTest - Password is set
[INFO ] 2019-10-23 15:08:38.630 [main] BaseTest - URL is opened
[INFO ] 2019-10-23 15:08:38.722 [main] BaseTest - Login/Register menu is clicked - to open Login page
[INFO ] 2019-10-23 16:53:32.425 [main] BaseTest - URL is opened
[INFO ] 2019-10-23 16:53:32.524 [main] BaseTest - Login/Register menu is clicked - to open Login page
[INFO ] 2019-10-23 16:54:07.034 [main] BaseTest - URL is opened
[INFO ] 2019-10-23 16:54:07.120 [main] BaseTest - Login/Register menu is clicked - to open Login page
[INFO ] 2019-10-23 16:54:12.050 [main] BaseTest - Username is set
[INFO ] 2019-10-23 16:54:12.402 [main] BaseTest - Password is set
[INFO ] 2019-10-23 16:55:15.721 [main] BaseTest - URL is opened
[INFO ] 2019-10-23 16:55:15.810 [main] BaseTest - Login/Register menu is clicked - to open Login page
[INFO ] 2019-10-23 16:55:20.589 [main] BaseTest - Username is set
[INFO ] 2019-10-23 16:55:21.308 [main] BaseTest - Password is set
[INFO ] 2019-10-23 16:56:22.025 [main] BaseTest - URL is opened
[INFO ] 2019-10-23 16:56:22.149 [main] BaseTest - Login/Register menu is clicked - to open Login page
[INFO ] 2019-10-23 16:56:26.841 [main] BaseTest - Username is set
[INFO ] 2019-10-23 16:56:27.477 [main] BaseTest - Password is set
[INFO ] 2019-10-23 16:59:51.392 [main] BaseTest - URL is opened
[INFO ] 2019-10-23 16:59:51.475 [main] BaseTest - Login/Register menu is clicked - to open Login page
[INFO ] 2019-10-23 16:59:52.439 [main] BaseTest - Username is set
[INFO ] 2019-10-23 17:02:01.663 [main] BaseTest - URL is opened
[INFO ] 2019-10-23 17:02:01.752 [main] BaseTest - Login/Register menu is clicked - to open Login page
[INFO ] 2019-10-23 17:04:46.626 [main] BaseTest - URL is opened
[INFO ] 2019-10-23 17:04:46.668 [main] BaseTest - Login/Register menu is clicked - to open Login page
[INFO ] 2019-10-23 17:16:39.898 [main] BaseTest - URL is opened
[INFO ] 2019-10-23 17:16:39.941 [main] BaseTest - Login/Register menu is clicked - to open Login page
[INFO ] 2019-10-24 14:15:22.153 [main] BaseTest - URL is opened
[INFO ] 2019-10-24 14:15:22.270 [main] BaseTest - Login/Register menu is clicked - to open Login page
[INFO ] 2019-10-24 14:15:29.333 [main] BaseTest - Username is set
[INFO ] 2019-10-24 14:15:29.902 [main] BaseTest - Password is set
[INFO ] 2019-10-24 14:16:49.295 [main] BaseTest - URL is opened
[INFO ] 2019-10-24 14:16:49.425 [main] BaseTest - Login/Register menu is clicked - to open Login page
[INFO ] 2019-10-24 14:16:54.647 [main] BaseTest - Username is set
[INFO ] 2019-10-24 14:16:55.326 [main] BaseTest - Password is set
[INFO ] 2019-10-24 14:28:02.645 [main] BaseTest - URL is opened
[INFO ] 2019-10-24 14:28:02.731 [main] BaseTest - Login/Register menu is clicked - to open Login page
[INFO ] 2019-10-24 14:28:07.316 [main] BaseTest - Username is set
[INFO ] 2019-10-24 14:28:07.856 [main] BaseTest - Password is set
[INFO ] 2019-10-24 15:18:59.465 [main] BaseTest - URL is opened
[INFO ] 2019-10-24 15:18:59.575 [main] BaseTest - Login/Register menu is clicked - to open Login page
[INFO ] 2019-10-24 15:19:03.670 [main] BaseTest - Username is set
[INFO ] 2019-10-24 15:19:03.967 [main] BaseTest - Password is set
[INFO ] 2019-10-24 15:20:49.074 [main] BaseTest - URL is opened
[INFO ] 2019-10-24 15:20:49.130 [main] BaseTest - Login/Register menu is clicked - to open Login page
[INFO ] 2019-10-24 15:22:18.179 [main] BaseTest - URL is opened
[INFO ] 2019-10-24 15:22:18.261 [main] BaseTest - Login/Register menu is clicked - to open Login page
[INFO ] 2019-10-24 15:22:22.541 [main] BaseTest - Username is set
[INFO ] 2019-10-24 15:22:23.004 [main] BaseTest - Password is set
[INFO ] 2019-10-30 15:42:24.382 [main] BaseTest - URL is opened
[INFO ] 2019-10-30 15:42:24.474 [main] BaseTest - Login/Register menu is clicked - to open Login page
[INFO ] 2019-10-30 15:42:29.159 [main] BaseTest - Username is set
[INFO ] 2019-10-30 15:42:29.624 [main] BaseTest - Password is set
[INFO ] 2019-10-30 15:42:50.685 [main] BaseTest - URL is opened
[INFO ] 2019-10-30 15:42:50.686 [main] BaseTest - Login/Register menu is clicked - to open Login page
[INFO ] 2019-10-30 15:43:55.905 [main] BaseTest - URL is opened
[INFO ] 2019-10-30 15:43:55.998 [main] BaseTest - Login/Register menu is clicked - to open Login page
[INFO ] 2019-10-30 15:44:00.263 [main] BaseTest - Username is set
[INFO ] 2019-10-30 15:44:00.607 [main] BaseTest - Password is set
[INFO ] 2019-10-30 15:44:14.618 [main] BaseTest - URL is opened
[INFO ] 2019-10-30 15:44:14.619 [main] BaseTest - Login/Register menu is clicked - to open Login page
[INFO ] 2019-10-30 15:44:17.421 [main] BaseTest - Username is set
[INFO ] 2019-10-30 15:44:17.727 [main] BaseTest - Password is set
[INFO ] 2019-10-30 15:48:54.036 [main] BaseTest - URL is opened
[INFO ] 2019-10-30 15:48:54.097 [main] BaseTest - Login/Register menu is clicked - to open Login page
[INFO ] 2019-10-30 15:48:59.141 [main] BaseTest - Username is set
[INFO ] 2019-10-30 15:48:59.618 [main] BaseTest - Password is set
[INFO ] 2019-10-30 15:48:59.821 [main] BaseTest - Sign-in button is clicked
[INFO ] 2019-10-30 15:49:04.121 [main] BaseTest - Sign-in test passed
[INFO ] 2019-10-30 15:49:15.927 [main] BaseTest - URL is opened
[INFO ] 2019-10-30 15:49:15.928 [main] BaseTest - Login/Register menu is clicked - to open Login page
[INFO ] 2019-10-30 15:49:18.212 [main] BaseTest - Username is set
[INFO ] 2019-10-30 15:49:18.404 [main] BaseTest - Password is set
[INFO ] 2019-10-30 15:49:18.592 [main] BaseTest - Sign-in button is clicked
[INFO ] 2019-10-30 15:49:24.752 [main] BaseTest - Sign-in test passed
[INFO ] 2019-10-30 15:50:57.211 [main] BaseTest - URL is opened
[INFO ] 2019-10-30 15:50:57.301 [main] BaseTest - Login/Register menu is clicked - to open Login page
[INFO ] 2019-10-30 15:51:04.578 [main] BaseTest - Username is set
[INFO ] 2019-10-30 15:51:04.999 [main] BaseTest - Password is set
[INFO ] 2019-10-30 15:51:05.273 [main] BaseTest - Sign-in button is clicked
[INFO ] 2019-10-30 15:51:10.941 [main] BaseTest - Sign-in test passed
[INFO ] 2019-10-30 15:51:23.498 [main] BaseTest - URL is opened
[INFO ] 2019-10-30 15:51:23.499 [main] BaseTest - Login/Register menu is clicked - to open Login page
[INFO ] 2019-10-30 15:51:25.607 [main] BaseTest - Username is set
[INFO ] 2019-10-30 15:51:26.125 [main] BaseTest - Password is set
[INFO ] 2019-10-30 15:51:26.463 [main] BaseTest - Sign-in button is clicked
[INFO ] 2019-10-30 15:51:32.633 [main] BaseTest - Sign-in test passed
